[2024-08-18 19:27:23,151: INFO: main: Welcome to cnn clasifier!]
[2024-08-19 19:32:50,579: INFO: common: yaml file: config\config.yaml loaded successfully]
[2024-08-19 19:32:50,589: INFO: common: yaml file: params.yaml loaded successfully]
[2024-08-19 19:32:50,591: INFO: common: created directory at: artifacts]
[2024-08-19 19:32:50,592: INFO: common: created directory at: artifacts/data_ingestion]
[2024-08-19 19:32:50,595: INFO: 1527662957: Downloading data from https://drive.google.com/file/d/1yCTPHWKF7Di7OzWefw26vvu0LYpcVn4i/view?usp=sharing into file artifacts/data_ingestion/data.zip]
[2024-08-19 19:33:06,521: INFO: 1527662957: Downloaded data from https://drive.google.com/file/d/1yCTPHWKF7Di7OzWefw26vvu0LYpcVn4i/view?usp=sharing into file artifacts/data_ingestion/data.zip]
[2024-08-19 19:50:04,355: INFO: main: >>>>>> stage Data Ingestion stage started <<<<<<]
[2024-08-19 19:50:04,356: INFO: common: yaml file: config\config.yaml loaded successfully]
[2024-08-19 19:50:04,359: INFO: common: yaml file: params.yaml loaded successfully]
[2024-08-19 19:50:04,359: INFO: common: created directory at: artifacts]
[2024-08-19 19:50:04,360: INFO: common: created directory at: artifacts/data_ingestion]
[2024-08-19 19:50:04,360: INFO: data_ingestion: Downloading data from https://drive.google.com/file/d/1yCTPHWKF7Di7OzWefw26vvu0LYpcVn4i/view?usp=sharing into file artifacts/data_ingestion/data.zip]
[2024-08-19 19:50:20,021: INFO: data_ingestion: Downloaded data from https://drive.google.com/file/d/1yCTPHWKF7Di7OzWefw26vvu0LYpcVn4i/view?usp=sharing into file artifacts/data_ingestion/data.zip]
[2024-08-19 19:50:20,538: INFO: main: >>>>>> stage Data Ingestion stage completed <<<<<<

x==========x]
[2024-08-19 22:17:40,537: INFO: common: yaml file: config\config.yaml loaded successfully]
[2024-08-19 22:17:40,600: INFO: common: yaml file: params.yaml loaded successfully]
[2024-08-19 22:17:40,603: INFO: common: created directory at: artifacts]
[2024-08-19 22:17:40,603: INFO: common: created directory at: artifacts/prepare_base_model]
[2024-08-19 22:17:56,646: WARNING: saving_api: You are saving your model as an HDF5 file via `model.save()` or `keras.saving.save_model(model)`. This file format is considered legacy. We recommend using instead the native Keras format, e.g. `model.save('my_model.keras')` or `keras.saving.save_model(model, 'my_model.keras')`. ]
[2024-08-19 22:17:57,007: WARNING: saving_api: You are saving your model as an HDF5 file via `model.save()` or `keras.saving.save_model(model)`. This file format is considered legacy. We recommend using instead the native Keras format, e.g. `model.save('my_model.keras')` or `keras.saving.save_model(model, 'my_model.keras')`. ]
[2024-08-19 22:26:39,555: INFO: main: >>>>>> stage Data Ingestion stage started <<<<<<]
[2024-08-19 22:26:39,555: INFO: common: yaml file: config\config.yaml loaded successfully]
[2024-08-19 22:26:39,564: INFO: common: yaml file: params.yaml loaded successfully]
[2024-08-19 22:26:39,564: INFO: common: created directory at: artifacts]
[2024-08-19 22:26:39,564: INFO: common: created directory at: artifacts/data_ingestion]
[2024-08-19 22:26:39,564: INFO: data_ingestion: Downloading data from https://drive.google.com/file/d/1yCTPHWKF7Di7OzWefw26vvu0LYpcVn4i/view?usp=sharing into file artifacts/data_ingestion/data.zip]
[2024-08-19 22:26:55,459: INFO: data_ingestion: Downloaded data from https://drive.google.com/file/d/1yCTPHWKF7Di7OzWefw26vvu0LYpcVn4i/view?usp=sharing into file artifacts/data_ingestion/data.zip]
[2024-08-19 22:26:56,066: INFO: main: >>>>>> stage Data Ingestion stage completed <<<<<<

x==========x]
[2024-08-19 22:29:30,897: INFO: main: >>>>>> stage Data Ingestion stage started <<<<<<]
[2024-08-19 22:29:30,897: INFO: common: yaml file: config\config.yaml loaded successfully]
[2024-08-19 22:29:30,904: INFO: common: yaml file: params.yaml loaded successfully]
[2024-08-19 22:29:30,904: INFO: common: created directory at: artifacts]
[2024-08-19 22:29:30,904: INFO: common: created directory at: artifacts/data_ingestion]
[2024-08-19 22:29:30,904: INFO: data_ingestion: Downloading data from https://drive.google.com/file/d/1yCTPHWKF7Di7OzWefw26vvu0LYpcVn4i/view?usp=sharing into file artifacts/data_ingestion/data.zip]
[2024-08-19 22:29:47,069: INFO: data_ingestion: Downloaded data from https://drive.google.com/file/d/1yCTPHWKF7Di7OzWefw26vvu0LYpcVn4i/view?usp=sharing into file artifacts/data_ingestion/data.zip]
[2024-08-19 22:29:47,715: INFO: main: >>>>>> stage Data Ingestion stage completed <<<<<<

x==========x]
[2024-08-19 22:29:47,715: INFO: main: *******************]
[2024-08-19 22:29:47,715: INFO: main: >>>>>> stage Prepare base model started <<<<<<]
[2024-08-19 22:29:47,726: INFO: common: yaml file: config\config.yaml loaded successfully]
[2024-08-19 22:29:47,726: INFO: common: yaml file: params.yaml loaded successfully]
[2024-08-19 22:29:47,726: INFO: common: created directory at: artifacts]
[2024-08-19 22:29:47,731: INFO: common: created directory at: artifacts/prepare_base_model]
[2024-08-19 22:29:48,427: WARNING: saving_utils: Compiled the loaded model, but the compiled metrics have yet to be built. `model.compile_metrics` will be empty until you train or evaluate the model.]
[2024-08-19 22:29:48,677: INFO: main: >>>>>> stage Prepare base model completed <<<<<<

x==========x]
[2024-08-19 22:58:33,898: INFO: common: yaml file: config\config.yaml loaded successfully]
[2024-08-19 22:58:33,902: INFO: common: yaml file: params.yaml loaded successfully]
[2024-08-19 22:58:33,903: INFO: common: created directory at: artifacts]
[2024-08-19 22:58:33,905: INFO: common: created directory at: artifacts\training]
[2024-08-19 23:02:18,534: INFO: common: yaml file: config\config.yaml loaded successfully]
[2024-08-19 23:02:18,537: INFO: common: yaml file: params.yaml loaded successfully]
[2024-08-19 23:02:18,539: INFO: common: created directory at: artifacts]
[2024-08-19 23:02:18,540: INFO: common: created directory at: artifacts\training]
[2024-08-19 23:22:48,479: INFO: common: created directory at: artifacts]
[2024-08-19 23:22:48,480: INFO: common: created directory at: artifacts\training]
[2024-08-19 23:23:59,265: INFO: common: yaml file: config\config.yaml loaded successfully]
[2024-08-19 23:23:59,265: INFO: common: yaml file: params.yaml loaded successfully]
[2024-08-19 23:23:59,265: INFO: common: created directory at: artifacts]
[2024-08-19 23:23:59,265: INFO: common: created directory at: artifacts\training]
[2024-08-19 23:24:27,194: INFO: common: yaml file: config\config.yaml loaded successfully]
[2024-08-19 23:24:27,197: INFO: common: yaml file: params.yaml loaded successfully]
[2024-08-19 23:24:27,198: INFO: common: created directory at: artifacts]
[2024-08-19 23:24:27,199: INFO: common: created directory at: artifacts\training]
[2024-08-19 23:28:32,754: INFO: common: yaml file: config\config.yaml loaded successfully]
[2024-08-19 23:28:32,756: INFO: common: yaml file: params.yaml loaded successfully]
[2024-08-19 23:28:32,758: INFO: common: created directory at: artifacts]
[2024-08-19 23:28:32,758: INFO: common: created directory at: artifacts\training]
[2024-08-19 23:38:56,914: INFO: common: yaml file: config\config.yaml loaded successfully]
[2024-08-19 23:38:56,914: INFO: common: yaml file: params.yaml loaded successfully]
[2024-08-19 23:38:56,914: INFO: common: created directory at: artifacts]
[2024-08-19 23:38:56,914: INFO: common: created directory at: artifacts\training]
[2024-08-19 23:42:02,007: INFO: common: yaml file: config\config.yaml loaded successfully]
[2024-08-19 23:42:02,011: INFO: common: yaml file: params.yaml loaded successfully]
[2024-08-19 23:42:02,013: INFO: common: created directory at: artifacts]
[2024-08-19 23:42:02,014: INFO: common: created directory at: artifacts\training]
[2024-08-19 23:45:45,564: INFO: common: yaml file: config\config.yaml loaded successfully]
[2024-08-19 23:45:45,574: INFO: common: yaml file: params.yaml loaded successfully]
[2024-08-19 23:45:45,576: INFO: common: created directory at: artifacts]
[2024-08-19 23:45:45,578: INFO: common: created directory at: artifacts\training]
[2024-08-20 05:21:32,938: INFO: common: yaml file: config\config.yaml loaded successfully]
[2024-08-20 05:21:32,944: INFO: common: yaml file: params.yaml loaded successfully]
[2024-08-20 05:21:32,944: INFO: common: created directory at: artifacts]
[2024-08-20 05:21:32,950: INFO: common: created directory at: artifacts\training]
[2024-08-20 05:27:38,704: INFO: common: yaml file: config\config.yaml loaded successfully]
[2024-08-20 05:27:38,710: INFO: common: yaml file: params.yaml loaded successfully]
[2024-08-20 05:27:38,713: INFO: common: created directory at: artifacts]
[2024-08-20 05:27:38,713: INFO: common: created directory at: artifacts\training]
[2024-08-20 05:37:34,941: INFO: common: yaml file: config\config.yaml loaded successfully]
[2024-08-20 05:37:34,944: INFO: common: yaml file: params.yaml loaded successfully]
[2024-08-20 05:37:34,945: INFO: common: created directory at: artifacts]
[2024-08-20 05:37:34,945: INFO: common: created directory at: artifacts\training]
